{"C:\\Users\\Farouk\\Documents\\SEMESTRE 8\\REACT JS\\DWRJS-segundo-parcial\\src\\App.js": {"path":"C:\\Users\\Farouk\\Documents\\SEMESTRE 8\\REACT JS\\DWRJS-segundo-parcial\\src\\App.js","statementMap":{},"fnMap":{"0":{"name":"App","decl":{"start":{"line":4,"column":9},"end":{"line":4,"column":12}},"loc":{"start":{"line":4,"column":15},"end":{"line":5,"column":1}},"line":4}},"branchMap":{},"s":{},"f":{"0":0},"b":{}}
,"C:\\Users\\Farouk\\Documents\\SEMESTRE 8\\REACT JS\\DWRJS-segundo-parcial\\src\\index.js": {"path":"C:\\Users\\Farouk\\Documents\\SEMESTRE 8\\REACT JS\\DWRJS-segundo-parcial\\src\\index.js","statementMap":{"0":{"start":{"line":11,"column":15},"end":{"line":20,"column":2}},"1":{"start":{"line":24,"column":13},"end":{"line":24,"column":65}},"2":{"start":{"line":25,"column":0},"end":{"line":33,"column":2}},"3":{"start":{"line":38,"column":0},"end":{"line":38,"column":18}}},"fnMap":{},"branchMap":{},"s":{"0":0,"1":0,"2":0,"3":0},"f":{},"b":{}}
,"C:\\Users\\Farouk\\Documents\\SEMESTRE 8\\REACT JS\\DWRJS-segundo-parcial\\src\\components\\BackButton\\index.js": {"path":"C:\\Users\\Farouk\\Documents\\SEMESTRE 8\\REACT JS\\DWRJS-segundo-parcial\\src\\components\\BackButton\\index.js","statementMap":{"0":{"start":{"line":6,"column":19},"end":{"line":16,"column":1}},"1":{"start":{"line":7,"column":34},"end":{"line":7,"column":52}},"2":{"start":{"line":8,"column":21},"end":{"line":10,"column":3}},"3":{"start":{"line":9,"column":4},"end":{"line":9,"column":43}},"4":{"start":{"line":11,"column":2},"end":{"line":15,"column":4}}},"fnMap":{"0":{"name":"(anonymous_0)","decl":{"start":{"line":6,"column":19},"end":{"line":6,"column":20}},"loc":{"start":{"line":6,"column":25},"end":{"line":16,"column":1}},"line":6},"1":{"name":"(anonymous_1)","decl":{"start":{"line":8,"column":21},"end":{"line":8,"column":22}},"loc":{"start":{"line":8,"column":27},"end":{"line":10,"column":3}},"line":8}},"branchMap":{},"s":{"0":0,"1":0,"2":0,"3":0,"4":0},"f":{"0":0,"1":0},"b":{}}
,"C:\\Users\\Farouk\\Documents\\SEMESTRE 8\\REACT JS\\DWRJS-segundo-parcial\\src\\components\\BreakfastCard\\index.js": {"path":"C:\\Users\\Farouk\\Documents\\SEMESTRE 8\\REACT JS\\DWRJS-segundo-parcial\\src\\components\\BreakfastCard\\index.js","statementMap":{"0":{"start":{"line":5,"column":22},"end":{"line":31,"column":1}},"1":{"start":{"line":6,"column":19},"end":{"line":6,"column":32}},"2":{"start":{"line":7,"column":29},"end":{"line":9,"column":3}},"3":{"start":{"line":8,"column":4},"end":{"line":8,"column":44}},"4":{"start":{"line":10,"column":2},"end":{"line":30,"column":4}}},"fnMap":{"0":{"name":"(anonymous_0)","decl":{"start":{"line":5,"column":22},"end":{"line":5,"column":23}},"loc":{"start":{"line":5,"column":41},"end":{"line":31,"column":1}},"line":5},"1":{"name":"(anonymous_1)","decl":{"start":{"line":7,"column":29},"end":{"line":7,"column":30}},"loc":{"start":{"line":7,"column":33},"end":{"line":9,"column":3}},"line":7}},"branchMap":{"0":{"loc":{"start":{"line":12,"column":7},"end":{"line":28,"column":7}},"type":"binary-expr","locations":[{"start":{"line":12,"column":7},"end":{"line":12,"column":16}},{"start":{"line":13,"column":8},"end":{"line":27,"column":18}}],"line":12}},"s":{"0":1,"1":2,"2":2,"3":1,"4":2},"f":{"0":2,"1":1},"b":{"0":[2,2]},"_coverageSchema":"1a1c01bbd47fc00a2c39e90264f33305004495a9","hash":"ef5e99fa5d4687138233cac5f165a7c8fbaa30ff"}
,"C:\\Users\\Farouk\\Documents\\SEMESTRE 8\\REACT JS\\DWRJS-segundo-parcial\\src\\components\\HomeButton\\index.js": {"path":"C:\\Users\\Farouk\\Documents\\SEMESTRE 8\\REACT JS\\DWRJS-segundo-parcial\\src\\components\\HomeButton\\index.js","statementMap":{"0":{"start":{"line":7,"column":19},"end":{"line":17,"column":1}},"1":{"start":{"line":8,"column":34},"end":{"line":8,"column":52}},"2":{"start":{"line":9,"column":21},"end":{"line":11,"column":3}},"3":{"start":{"line":10,"column":4},"end":{"line":10,"column":43}},"4":{"start":{"line":12,"column":2},"end":{"line":16,"column":4}}},"fnMap":{"0":{"name":"(anonymous_0)","decl":{"start":{"line":7,"column":19},"end":{"line":7,"column":20}},"loc":{"start":{"line":7,"column":25},"end":{"line":17,"column":1}},"line":7},"1":{"name":"(anonymous_1)","decl":{"start":{"line":9,"column":21},"end":{"line":9,"column":22}},"loc":{"start":{"line":9,"column":27},"end":{"line":11,"column":3}},"line":9}},"branchMap":{},"s":{"0":1,"1":0,"2":0,"3":0,"4":0},"f":{"0":0,"1":0},"b":{},"_coverageSchema":"1a1c01bbd47fc00a2c39e90264f33305004495a9","hash":"188cce1debed04a6987b3549d0d960c6cff8dbb0"}
,"C:\\Users\\Farouk\\Documents\\SEMESTRE 8\\REACT JS\\DWRJS-segundo-parcial\\src\\components\\SearchBox\\index.js": {"path":"C:\\Users\\Farouk\\Documents\\SEMESTRE 8\\REACT JS\\DWRJS-segundo-parcial\\src\\components\\SearchBox\\index.js","statementMap":{"0":{"start":{"line":6,"column":18},"end":{"line":14,"column":1}},"1":{"start":{"line":7,"column":2},"end":{"line":13,"column":4}}},"fnMap":{"0":{"name":"(anonymous_0)","decl":{"start":{"line":6,"column":18},"end":{"line":6,"column":19}},"loc":{"start":{"line":6,"column":36},"end":{"line":14,"column":1}},"line":6}},"branchMap":{},"s":{"0":1,"1":2},"f":{"0":2},"b":{},"_coverageSchema":"1a1c01bbd47fc00a2c39e90264f33305004495a9","hash":"4eff7cb0f3f620eeb9123dfd7c137253d897c9bb"}
,"C:\\Users\\Farouk\\Documents\\SEMESTRE 8\\REACT JS\\DWRJS-segundo-parcial\\src\\components\\SearchBox\\searchInput.js": {"path":"C:\\Users\\Farouk\\Documents\\SEMESTRE 8\\REACT JS\\DWRJS-segundo-parcial\\src\\components\\SearchBox\\searchInput.js","statementMap":{"0":{"start":{"line":6,"column":20},"end":{"line":20,"column":1}},"1":{"start":{"line":7,"column":34},"end":{"line":7,"column":52}},"2":{"start":{"line":8,"column":2},"end":{"line":19,"column":4}},"3":{"start":{"line":11,"column":8},"end":{"line":14,"column":9}},"4":{"start":{"line":12,"column":16},"end":{"line":12,"column":66}}},"fnMap":{"0":{"name":"(anonymous_0)","decl":{"start":{"line":6,"column":20},"end":{"line":6,"column":21}},"loc":{"start":{"line":6,"column":26},"end":{"line":20,"column":1}},"line":6},"1":{"name":"(anonymous_1)","decl":{"start":{"line":10,"column":16},"end":{"line":10,"column":17}},"loc":{"start":{"line":11,"column":8},"end":{"line":14,"column":9}},"line":11},"2":{"name":"(anonymous_2)","decl":{"start":{"line":12,"column":10},"end":{"line":12,"column":11}},"loc":{"start":{"line":12,"column":16},"end":{"line":12,"column":66}},"line":12}},"branchMap":{},"s":{"0":2,"1":3,"2":3,"3":18,"4":9},"f":{"0":3,"1":18,"2":9},"b":{},"_coverageSchema":"1a1c01bbd47fc00a2c39e90264f33305004495a9","hash":"3df7b4c8fea48010949dca5c4eaf54ac33526517"}
,"C:\\Users\\Farouk\\Documents\\SEMESTRE 8\\REACT JS\\DWRJS-segundo-parcial\\src\\context\\brakfastReducer.js": {"path":"C:\\Users\\Farouk\\Documents\\SEMESTRE 8\\REACT JS\\DWRJS-segundo-parcial\\src\\context\\brakfastReducer.js","statementMap":{"0":{"start":{"line":1,"column":23},"end":{"line":7,"column":1}},"1":{"start":{"line":9,"column":28},"end":{"line":14,"column":1}},"2":{"start":{"line":16,"column":32},"end":{"line":46,"column":1}},"3":{"start":{"line":17,"column":4},"end":{"line":45,"column":5}},"4":{"start":{"line":19,"column":12},"end":{"line":22,"column":14}},"5":{"start":{"line":24,"column":12},"end":{"line":27,"column":14}},"6":{"start":{"line":29,"column":12},"end":{"line":32,"column":14}},"7":{"start":{"line":34,"column":12},"end":{"line":37,"column":14}},"8":{"start":{"line":39,"column":12},"end":{"line":42,"column":14}},"9":{"start":{"line":44,"column":12},"end":{"line":44,"column":25}}},"fnMap":{"0":{"name":"(anonymous_0)","decl":{"start":{"line":16,"column":32},"end":{"line":16,"column":33}},"loc":{"start":{"line":16,"column":51},"end":{"line":46,"column":1}},"line":16}},"branchMap":{"0":{"loc":{"start":{"line":17,"column":4},"end":{"line":45,"column":5}},"type":"switch","locations":[{"start":{"line":18,"column":8},"end":{"line":22,"column":14}},{"start":{"line":23,"column":8},"end":{"line":27,"column":14}},{"start":{"line":28,"column":8},"end":{"line":32,"column":14}},{"start":{"line":33,"column":8},"end":{"line":37,"column":14}},{"start":{"line":38,"column":8},"end":{"line":42,"column":14}},{"start":{"line":43,"column":8},"end":{"line":44,"column":25}}],"line":17}},"s":{"0":0,"1":0,"2":0,"3":0,"4":0,"5":0,"6":0,"7":0,"8":0,"9":0},"f":{"0":0},"b":{"0":[0,0,0,0,0,0]}}
,"C:\\Users\\Farouk\\Documents\\SEMESTRE 8\\REACT JS\\DWRJS-segundo-parcial\\src\\context\\breakfastCtx.js": {"path":"C:\\Users\\Farouk\\Documents\\SEMESTRE 8\\REACT JS\\DWRJS-segundo-parcial\\src\\context\\breakfastCtx.js","statementMap":{"0":{"start":{"line":4,"column":25},"end":{"line":4,"column":44}},"1":{"start":{"line":5,"column":33},"end":{"line":5,"column":52}},"2":{"start":{"line":8,"column":20},"end":{"line":8,"column":48}},"3":{"start":{"line":9,"column":4},"end":{"line":11,"column":5}},"4":{"start":{"line":10,"column":8},"end":{"line":10,"column":87}},"5":{"start":{"line":12,"column":4},"end":{"line":12,"column":19}},"6":{"start":{"line":16,"column":20},"end":{"line":16,"column":56}},"7":{"start":{"line":17,"column":4},"end":{"line":19,"column":5}},"8":{"start":{"line":18,"column":8},"end":{"line":18,"column":86}},"9":{"start":{"line":20,"column":4},"end":{"line":20,"column":19}},"10":{"start":{"line":24,"column":30},"end":{"line":24,"column":72}},"11":{"start":{"line":25,"column":4},"end":{"line":31,"column":5}}},"fnMap":{"0":{"name":"useBreakfastContext","decl":{"start":{"line":7,"column":16},"end":{"line":7,"column":35}},"loc":{"start":{"line":7,"column":37},"end":{"line":13,"column":1}},"line":7},"1":{"name":"useDispatchContext","decl":{"start":{"line":15,"column":16},"end":{"line":15,"column":34}},"loc":{"start":{"line":15,"column":36},"end":{"line":21,"column":1}},"line":15},"2":{"name":"BreakfastProvider","decl":{"start":{"line":23,"column":16},"end":{"line":23,"column":33}},"loc":{"start":{"line":23,"column":45},"end":{"line":32,"column":1}},"line":23}},"branchMap":{"0":{"loc":{"start":{"line":9,"column":4},"end":{"line":11,"column":5}},"type":"if","locations":[{"start":{"line":9,"column":4},"end":{"line":11,"column":5}},{"start":{},"end":{}}],"line":9},"1":{"loc":{"start":{"line":17,"column":4},"end":{"line":19,"column":5}},"type":"if","locations":[{"start":{"line":17,"column":4},"end":{"line":19,"column":5}},{"start":{},"end":{}}],"line":17}},"s":{"0":0,"1":0,"2":0,"3":0,"4":0,"5":0,"6":0,"7":0,"8":0,"9":0,"10":0,"11":0},"f":{"0":0,"1":0,"2":0},"b":{"0":[0,0],"1":[0,0]}}
,"C:\\Users\\Farouk\\Documents\\SEMESTRE 8\\REACT JS\\DWRJS-segundo-parcial\\src\\context\\filterCtx.js": {"path":"C:\\Users\\Farouk\\Documents\\SEMESTRE 8\\REACT JS\\DWRJS-segundo-parcial\\src\\context\\filterCtx.js","statementMap":{"0":{"start":{"line":3,"column":20},"end":{"line":3,"column":39}},"1":{"start":{"line":5,"column":30},"end":{"line":11,"column":1}},"2":{"start":{"line":6,"column":18},"end":{"line":6,"column":43}},"3":{"start":{"line":7,"column":4},"end":{"line":9,"column":5}},"4":{"start":{"line":8,"column":8},"end":{"line":8,"column":81}},"5":{"start":{"line":10,"column":4},"end":{"line":10,"column":19}},"6":{"start":{"line":13,"column":28},"end":{"line":22,"column":1}},"7":{"start":{"line":14,"column":32},"end":{"line":16,"column":6}},"8":{"start":{"line":17,"column":4},"end":{"line":21,"column":5}}},"fnMap":{"0":{"name":"(anonymous_0)","decl":{"start":{"line":5,"column":30},"end":{"line":5,"column":31}},"loc":{"start":{"line":5,"column":34},"end":{"line":11,"column":1}},"line":5},"1":{"name":"(anonymous_1)","decl":{"start":{"line":13,"column":28},"end":{"line":13,"column":29}},"loc":{"start":{"line":13,"column":42},"end":{"line":22,"column":1}},"line":13}},"branchMap":{"0":{"loc":{"start":{"line":7,"column":4},"end":{"line":9,"column":5}},"type":"if","locations":[{"start":{"line":7,"column":4},"end":{"line":9,"column":5}},{"start":{},"end":{}}],"line":7}},"s":{"0":3,"1":3,"2":2,"3":2,"4":0,"5":2,"6":3,"7":2,"8":2},"f":{"0":2,"1":2},"b":{"0":[0,2]},"_coverageSchema":"1a1c01bbd47fc00a2c39e90264f33305004495a9","hash":"177283bc04db03dd79890ee9df287c47b82b8c49"}
,"C:\\Users\\Farouk\\Documents\\SEMESTRE 8\\REACT JS\\DWRJS-segundo-parcial\\src\\hooks\\useBreakfast.js": {"path":"C:\\Users\\Farouk\\Documents\\SEMESTRE 8\\REACT JS\\DWRJS-segundo-parcial\\src\\hooks\\useBreakfast.js","statementMap":{"0":{"start":{"line":8,"column":21},"end":{"line":37,"column":1}},"1":{"start":{"line":9,"column":19},"end":{"line":9,"column":39}},"2":{"start":{"line":10,"column":20},"end":{"line":10,"column":38}},"3":{"start":{"line":12,"column":25},"end":{"line":32,"column":23}},"4":{"start":{"line":13,"column":4},"end":{"line":13,"column":59}},"5":{"start":{"line":14,"column":24},"end":{"line":14,"column":38}},"6":{"start":{"line":15,"column":14},"end":{"line":15,"column":16}},"7":{"start":{"line":17,"column":4},"end":{"line":21,"column":5}},"8":{"start":{"line":18,"column":8},"end":{"line":18,"column":54}},"9":{"start":{"line":20,"column":8},"end":{"line":20,"column":47}},"10":{"start":{"line":23,"column":4},"end":{"line":31,"column":5}},"11":{"start":{"line":24,"column":6},"end":{"line":24,"column":69}},"12":{"start":{"line":25,"column":6},"end":{"line":25,"column":62}},"13":{"start":{"line":28,"column":6},"end":{"line":28,"column":69}},"14":{"start":{"line":29,"column":6},"end":{"line":29,"column":82}},"15":{"start":{"line":30,"column":6},"end":{"line":30,"column":62}},"16":{"start":{"line":34,"column":2},"end":{"line":36,"column":23}},"17":{"start":{"line":35,"column":4},"end":{"line":35,"column":21}}},"fnMap":{"0":{"name":"(anonymous_0)","decl":{"start":{"line":8,"column":21},"end":{"line":8,"column":22}},"loc":{"start":{"line":8,"column":27},"end":{"line":37,"column":1}},"line":8},"1":{"name":"(anonymous_1)","decl":{"start":{"line":12,"column":37},"end":{"line":12,"column":38}},"loc":{"start":{"line":12,"column":49},"end":{"line":32,"column":3}},"line":12},"2":{"name":"(anonymous_2)","decl":{"start":{"line":34,"column":12},"end":{"line":34,"column":13}},"loc":{"start":{"line":34,"column":18},"end":{"line":36,"column":3}},"line":34}},"branchMap":{"0":{"loc":{"start":{"line":17,"column":4},"end":{"line":21,"column":5}},"type":"if","locations":[{"start":{"line":17,"column":4},"end":{"line":21,"column":5}},{"start":{"line":19,"column":10},"end":{"line":21,"column":5}}],"line":17},"1":{"loc":{"start":{"line":23,"column":4},"end":{"line":31,"column":5}},"type":"if","locations":[{"start":{"line":23,"column":4},"end":{"line":31,"column":5}},{"start":{"line":27,"column":9},"end":{"line":31,"column":5}}],"line":23}},"s":{"0":0,"1":0,"2":0,"3":0,"4":0,"5":0,"6":0,"7":0,"8":0,"9":0,"10":0,"11":0,"12":0,"13":0,"14":0,"15":0,"16":0,"17":0},"f":{"0":0,"1":0,"2":0},"b":{"0":[0,0],"1":[0,0]}}
,"C:\\Users\\Farouk\\Documents\\SEMESTRE 8\\REACT JS\\DWRJS-segundo-parcial\\src\\mocks\\breakfast.spec.aux.js": {"path":"C:\\Users\\Farouk\\Documents\\SEMESTRE 8\\REACT JS\\DWRJS-segundo-parcial\\src\\mocks\\breakfast.spec.aux.js","statementMap":{"0":{"start":{"line":1,"column":29},"end":{"line":6,"column":1}}},"fnMap":{},"branchMap":{},"s":{"0":1},"f":{},"b":{},"_coverageSchema":"1a1c01bbd47fc00a2c39e90264f33305004495a9","hash":"ba16c5aea588c2e2a202a254017994974c25ba19"}
,"C:\\Users\\Farouk\\Documents\\SEMESTRE 8\\REACT JS\\DWRJS-segundo-parcial\\src\\pages\\BreakfastDetails\\index.js": {"path":"C:\\Users\\Farouk\\Documents\\SEMESTRE 8\\REACT JS\\DWRJS-segundo-parcial\\src\\pages\\BreakfastDetails\\index.js","statementMap":{"0":{"start":{"line":9,"column":25},"end":{"line":60,"column":1}},"1":{"start":{"line":10,"column":26},"end":{"line":10,"column":37}},"2":{"start":{"line":11,"column":36},"end":{"line":11,"column":50}},"3":{"start":{"line":12,"column":32},"end":{"line":12,"column":46}},"4":{"start":{"line":14,"column":2},"end":{"line":25,"column":20}},"5":{"start":{"line":15,"column":25},"end":{"line":23,"column":5}},"6":{"start":{"line":16,"column":6},"end":{"line":22,"column":7}},"7":{"start":{"line":17,"column":8},"end":{"line":17,"column":55}},"8":{"start":{"line":19,"column":8},"end":{"line":19,"column":29}},"9":{"start":{"line":21,"column":8},"end":{"line":21,"column":26}},"10":{"start":{"line":24,"column":4},"end":{"line":24,"column":19}},"11":{"start":{"line":27,"column":2},"end":{"line":59,"column":4}}},"fnMap":{"0":{"name":"(anonymous_0)","decl":{"start":{"line":9,"column":25},"end":{"line":9,"column":26}},"loc":{"start":{"line":9,"column":31},"end":{"line":60,"column":1}},"line":9},"1":{"name":"(anonymous_1)","decl":{"start":{"line":14,"column":12},"end":{"line":14,"column":13}},"loc":{"start":{"line":14,"column":18},"end":{"line":25,"column":3}},"line":14},"2":{"name":"(anonymous_2)","decl":{"start":{"line":15,"column":25},"end":{"line":15,"column":26}},"loc":{"start":{"line":15,"column":37},"end":{"line":23,"column":5}},"line":15}},"branchMap":{"0":{"loc":{"start":{"line":36,"column":9},"end":{"line":36,"column":38}},"type":"binary-expr","locations":[{"start":{"line":36,"column":9},"end":{"line":36,"column":16}},{"start":{"line":36,"column":20},"end":{"line":36,"column":38}}],"line":36},"1":{"loc":{"start":{"line":37,"column":9},"end":{"line":54,"column":9}},"type":"binary-expr","locations":[{"start":{"line":37,"column":9},"end":{"line":37,"column":17}},{"start":{"line":37,"column":21},"end":{"line":37,"column":30}},{"start":{"line":38,"column":10},"end":{"line":53,"column":17}}],"line":37},"2":{"loc":{"start":{"line":55,"column":9},"end":{"line":55,"column":69}},"type":"binary-expr","locations":[{"start":{"line":55,"column":9},"end":{"line":55,"column":17}},{"start":{"line":55,"column":21},"end":{"line":55,"column":31}},{"start":{"line":55,"column":35},"end":{"line":55,"column":69}}],"line":55}},"s":{"0":0,"1":0,"2":0,"3":0,"4":0,"5":0,"6":0,"7":0,"8":0,"9":0,"10":0,"11":0},"f":{"0":0,"1":0,"2":0},"b":{"0":[0,0],"1":[0,0,0],"2":[0,0,0]}}
,"C:\\Users\\Farouk\\Documents\\SEMESTRE 8\\REACT JS\\DWRJS-segundo-parcial\\src\\pages\\BreakfastList\\index.js": {"path":"C:\\Users\\Farouk\\Documents\\SEMESTRE 8\\REACT JS\\DWRJS-segundo-parcial\\src\\pages\\BreakfastList\\index.js","statementMap":{"0":{"start":{"line":9,"column":22},"end":{"line":39,"column":1}},"1":{"start":{"line":10,"column":2},"end":{"line":10,"column":17}},"2":{"start":{"line":11,"column":37},"end":{"line":11,"column":58}},"3":{"start":{"line":12,"column":30},"end":{"line":12,"column":41}},"4":{"start":{"line":14,"column":2},"end":{"line":38,"column":4}},"5":{"start":{"line":33,"column":12},"end":{"line":33,"column":70}}},"fnMap":{"0":{"name":"(anonymous_0)","decl":{"start":{"line":9,"column":22},"end":{"line":9,"column":23}},"loc":{"start":{"line":9,"column":28},"end":{"line":39,"column":1}},"line":9},"1":{"name":"(anonymous_1)","decl":{"start":{"line":32,"column":28},"end":{"line":32,"column":29}},"loc":{"start":{"line":33,"column":12},"end":{"line":33,"column":70}},"line":33}},"branchMap":{"0":{"loc":{"start":{"line":23,"column":9},"end":{"line":35,"column":9}},"type":"cond-expr","locations":[{"start":{"line":24,"column":10},"end":{"line":26,"column":16}},{"start":{"line":27,"column":12},"end":{"line":35,"column":9}}],"line":23},"1":{"loc":{"start":{"line":27,"column":12},"end":{"line":35,"column":9}},"type":"cond-expr","locations":[{"start":{"line":28,"column":10},"end":{"line":30,"column":16}},{"start":{"line":32,"column":10},"end":{"line":34,"column":12}}],"line":27}},"s":{"0":0,"1":0,"2":0,"3":0,"4":0,"5":0},"f":{"0":0,"1":0},"b":{"0":[0,0],"1":[0,0]}}
,"C:\\Users\\Farouk\\Documents\\SEMESTRE 8\\REACT JS\\DWRJS-segundo-parcial\\src\\services\\mealtService.js": {"path":"C:\\Users\\Farouk\\Documents\\SEMESTRE 8\\REACT JS\\DWRJS-segundo-parcial\\src\\services\\mealtService.js","statementMap":{"0":{"start":{"line":2,"column":32},"end":{"line":6,"column":1}},"1":{"start":{"line":3,"column":21},"end":{"line":3,"column":96}},"2":{"start":{"line":4,"column":17},"end":{"line":4,"column":38}},"3":{"start":{"line":5,"column":4},"end":{"line":5,"column":21}},"4":{"start":{"line":8,"column":29},"end":{"line":12,"column":1}},"5":{"start":{"line":9,"column":21},"end":{"line":9,"column":94}},"6":{"start":{"line":10,"column":17},"end":{"line":10,"column":38}},"7":{"start":{"line":11,"column":4},"end":{"line":11,"column":24}},"8":{"start":{"line":14,"column":38},"end":{"line":18,"column":1}},"9":{"start":{"line":15,"column":21},"end":{"line":15,"column":98}},"10":{"start":{"line":16,"column":17},"end":{"line":16,"column":38}},"11":{"start":{"line":17,"column":4},"end":{"line":17,"column":21}}},"fnMap":{"0":{"name":"(anonymous_0)","decl":{"start":{"line":2,"column":32},"end":{"line":2,"column":33}},"loc":{"start":{"line":2,"column":48},"end":{"line":6,"column":1}},"line":2},"1":{"name":"(anonymous_1)","decl":{"start":{"line":8,"column":29},"end":{"line":8,"column":30}},"loc":{"start":{"line":8,"column":43},"end":{"line":12,"column":1}},"line":8},"2":{"name":"(anonymous_2)","decl":{"start":{"line":14,"column":38},"end":{"line":14,"column":39}},"loc":{"start":{"line":14,"column":62},"end":{"line":18,"column":1}},"line":14}},"branchMap":{"0":{"loc":{"start":{"line":14,"column":45},"end":{"line":14,"column":57}},"type":"default-arg","locations":[{"start":{"line":14,"column":54},"end":{"line":14,"column":57}}],"line":14}},"s":{"0":0,"1":0,"2":0,"3":0,"4":0,"5":0,"6":0,"7":0,"8":0,"9":0,"10":0,"11":0},"f":{"0":0,"1":0,"2":0},"b":{"0":[0]}}
}
