TN:
SF:src\App.js
FN:4,App
FNF:1
FNH:0
FNDA:0,App
LF:0
LH:0
BRF:0
BRH:0
end_of_record
TN:
SF:src\index.js
FNF:0
FNH:0
DA:11,0
DA:24,0
DA:25,0
DA:38,0
LF:4
LH:0
BRF:0
BRH:0
end_of_record
TN:
SF:src\components\BackButton\index.js
FN:6,(anonymous_0)
FN:8,(anonymous_1)
FNF:2
FNH:0
FNDA:0,(anonymous_0)
FNDA:0,(anonymous_1)
DA:6,0
DA:7,0
DA:8,0
DA:9,0
DA:11,0
LF:5
LH:0
BRF:0
BRH:0
end_of_record
TN:
SF:src\components\BreakfastCard\index.js
FN:5,(anonymous_0)
FN:7,(anonymous_1)
FNF:2
FNH:2
FNDA:2,(anonymous_0)
FNDA:1,(anonymous_1)
DA:5,1
DA:6,2
DA:7,2
DA:8,1
DA:10,2
LF:5
LH:5
BRDA:12,0,0,2
BRDA:12,0,1,2
BRF:2
BRH:2
end_of_record
TN:
SF:src\components\HomeButton\index.js
FN:7,(anonymous_0)
FN:9,(anonymous_1)
FNF:2
FNH:0
FNDA:0,(anonymous_0)
FNDA:0,(anonymous_1)
DA:7,1
DA:8,0
DA:9,0
DA:10,0
DA:12,0
LF:5
LH:1
BRF:0
BRH:0
end_of_record
TN:
SF:src\components\SearchBox\index.js
FN:6,(anonymous_0)
FNF:1
FNH:1
FNDA:2,(anonymous_0)
DA:6,1
DA:7,2
LF:2
LH:2
BRF:0
BRH:0
end_of_record
TN:
SF:src\components\SearchBox\searchInput.js
FN:6,(anonymous_0)
FN:10,(anonymous_1)
FN:12,(anonymous_2)
FNF:3
FNH:3
FNDA:3,(anonymous_0)
FNDA:18,(anonymous_1)
FNDA:9,(anonymous_2)
DA:6,2
DA:7,3
DA:8,3
DA:11,18
DA:12,9
LF:5
LH:5
BRF:0
BRH:0
end_of_record
TN:
SF:src\context\brakfastReducer.js
FN:16,(anonymous_0)
FNF:1
FNH:0
FNDA:0,(anonymous_0)
DA:1,0
DA:9,0
DA:16,0
DA:17,0
DA:19,0
DA:24,0
DA:29,0
DA:34,0
DA:39,0
DA:44,0
LF:10
LH:0
BRDA:17,0,0,0
BRDA:17,0,1,0
BRDA:17,0,2,0
BRDA:17,0,3,0
BRDA:17,0,4,0
BRDA:17,0,5,0
BRF:6
BRH:0
end_of_record
TN:
SF:src\context\breakfastCtx.js
FN:7,useBreakfastContext
FN:15,useDispatchContext
FN:23,BreakfastProvider
FNF:3
FNH:0
FNDA:0,useBreakfastContext
FNDA:0,useDispatchContext
FNDA:0,BreakfastProvider
DA:4,0
DA:5,0
DA:8,0
DA:9,0
DA:10,0
DA:12,0
DA:16,0
DA:17,0
DA:18,0
DA:20,0
DA:24,0
DA:25,0
LF:12
LH:0
BRDA:9,0,0,0
BRDA:9,0,1,0
BRDA:17,1,0,0
BRDA:17,1,1,0
BRF:4
BRH:0
end_of_record
TN:
SF:src\context\filterCtx.js
FN:5,(anonymous_0)
FN:13,(anonymous_1)
FNF:2
FNH:2
FNDA:2,(anonymous_0)
FNDA:2,(anonymous_1)
DA:3,3
DA:5,3
DA:6,2
DA:7,2
DA:8,0
DA:10,2
DA:13,3
DA:14,2
DA:17,2
LF:9
LH:8
BRDA:7,0,0,0
BRDA:7,0,1,2
BRF:2
BRH:1
end_of_record
TN:
SF:src\hooks\useBreakfast.js
FN:8,(anonymous_0)
FN:12,(anonymous_1)
FN:34,(anonymous_2)
FNF:3
FNH:0
FNDA:0,(anonymous_0)
FNDA:0,(anonymous_1)
FNDA:0,(anonymous_2)
DA:8,0
DA:9,0
DA:10,0
DA:12,0
DA:13,0
DA:14,0
DA:15,0
DA:17,0
DA:18,0
DA:20,0
DA:23,0
DA:24,0
DA:25,0
DA:28,0
DA:29,0
DA:30,0
DA:34,0
DA:35,0
LF:18
LH:0
BRDA:17,0,0,0
BRDA:17,0,1,0
BRDA:23,1,0,0
BRDA:23,1,1,0
BRF:4
BRH:0
end_of_record
TN:
SF:src\mocks\breakfast.spec.aux.js
FNF:0
FNH:0
DA:1,1
LF:1
LH:1
BRF:0
BRH:0
end_of_record
TN:
SF:src\pages\BreakfastDetails\index.js
FN:9,(anonymous_0)
FN:14,(anonymous_1)
FN:15,(anonymous_2)
FNF:3
FNH:0
FNDA:0,(anonymous_0)
FNDA:0,(anonymous_1)
FNDA:0,(anonymous_2)
DA:9,0
DA:10,0
DA:11,0
DA:12,0
DA:14,0
DA:15,0
DA:16,0
DA:17,0
DA:19,0
DA:21,0
DA:24,0
DA:27,0
LF:12
LH:0
BRDA:36,0,0,0
BRDA:36,0,1,0
BRDA:37,1,0,0
BRDA:37,1,1,0
BRDA:37,1,2,0
BRDA:55,2,0,0
BRDA:55,2,1,0
BRDA:55,2,2,0
BRF:8
BRH:0
end_of_record
TN:
SF:src\pages\BreakfastList\index.js
FN:9,(anonymous_0)
FN:32,(anonymous_1)
FNF:2
FNH:0
FNDA:0,(anonymous_0)
FNDA:0,(anonymous_1)
DA:9,0
DA:10,0
DA:11,0
DA:12,0
DA:14,0
DA:33,0
LF:6
LH:0
BRDA:23,0,0,0
BRDA:23,0,1,0
BRDA:27,1,0,0
BRDA:27,1,1,0
BRF:4
BRH:0
end_of_record
TN:
SF:src\services\mealtService.js
FN:2,(anonymous_0)
FN:8,(anonymous_1)
FN:14,(anonymous_2)
FNF:3
FNH:0
FNDA:0,(anonymous_0)
FNDA:0,(anonymous_1)
FNDA:0,(anonymous_2)
DA:2,0
DA:3,0
DA:4,0
DA:5,0
DA:8,0
DA:9,0
DA:10,0
DA:11,0
DA:14,0
DA:15,0
DA:16,0
DA:17,0
LF:12
LH:0
BRDA:14,0,0,0
BRF:1
BRH:0
end_of_record
